{"/app/src/controllers/contact-controller.js": {"path":"/app/src/controllers/contact-controller.js","statementMap":{"0":{"start":{"line":1,"column":23},"end":{"line":1,"column":61}},"1":{"start":{"line":3,"column":0},"end":{"line":31,"column":1}},"2":{"start":{"line":5,"column":8},"end":{"line":5,"column":38}},"3":{"start":{"line":8,"column":8},"end":{"line":8,"column":41}},"4":{"start":{"line":13,"column":26},"end":{"line":13,"column":47}},"5":{"start":{"line":15,"column":8},"end":{"line":21,"column":9}},"6":{"start":{"line":16,"column":12},"end":{"line":16,"column":56}},"7":{"start":{"line":17,"column":12},"end":{"line":17,"column":23}},"8":{"start":{"line":19,"column":12},"end":{"line":19,"column":35}},"9":{"start":{"line":20,"column":12},"end":{"line":20,"column":23}},"10":{"start":{"line":23,"column":8},"end":{"line":23,"column":47}},"11":{"start":{"line":26,"column":8},"end":{"line":26,"column":41}},"12":{"start":{"line":29,"column":8},"end":{"line":29,"column":41}}},"fnMap":{"0":{"name":"(anonymous_0)","decl":{"start":{"line":4,"column":4},"end":{"line":4,"column":5}},"loc":{"start":{"line":4,"column":21},"end":{"line":6,"column":5}},"line":4},"1":{"name":"(anonymous_1)","decl":{"start":{"line":7,"column":4},"end":{"line":7,"column":5}},"loc":{"start":{"line":7,"column":24},"end":{"line":9,"column":5}},"line":7},"2":{"name":"(anonymous_2)","decl":{"start":{"line":10,"column":4},"end":{"line":10,"column":5}},"loc":{"start":{"line":10,"column":21},"end":{"line":24,"column":5}},"line":10},"3":{"name":"(anonymous_3)","decl":{"start":{"line":25,"column":4},"end":{"line":25,"column":5}},"loc":{"start":{"line":25,"column":24},"end":{"line":27,"column":5}},"line":25},"4":{"name":"(anonymous_4)","decl":{"start":{"line":28,"column":4},"end":{"line":28,"column":5}},"loc":{"start":{"line":28,"column":24},"end":{"line":30,"column":5}},"line":28}},"branchMap":{"0":{"loc":{"start":{"line":13,"column":26},"end":{"line":13,"column":47}},"type":"binary-expr","locations":[{"start":{"line":13,"column":26},"end":{"line":13,"column":39}},{"start":{"line":13,"column":43},"end":{"line":13,"column":47}}],"line":13}},"s":{"0":1,"1":1,"2":0,"3":0,"4":2,"5":2,"6":2,"7":1,"8":1,"9":1,"10":2,"11":0,"12":0},"f":{"0":0,"1":0,"2":2,"3":0,"4":0},"b":{"0":[2,0]},"_coverageSchema":"1a1c01bbd47fc00a2c39e90264f33305004495a9","hash":"eb48be619e76649fe90229e5f16eef636f0d913b"}
,"/app/src/controllers/main-controller.js": {"path":"/app/src/controllers/main-controller.js","statementMap":{"0":{"start":{"line":1,"column":0},"end":{"line":5,"column":1}},"1":{"start":{"line":3,"column":8},"end":{"line":3,"column":45}}},"fnMap":{"0":{"name":"(anonymous_0)","decl":{"start":{"line":2,"column":4},"end":{"line":2,"column":5}},"loc":{"start":{"line":2,"column":26},"end":{"line":4,"column":5}},"line":2}},"branchMap":{},"s":{"0":0,"1":0},"f":{"0":0},"b":{}}
,"/app/src/models/Contact.js": {"path":"/app/src/models/Contact.js","statementMap":{},"fnMap":{},"branchMap":{},"s":{},"f":{},"b":{}}
,"/app/src/routes/contact-route.js": {"path":"/app/src/routes/contact-route.js","statementMap":{"0":{"start":{"line":1,"column":26},"end":{"line":1,"column":70}},"1":{"start":{"line":3,"column":0},"end":{"line":9,"column":2}},"2":{"start":{"line":4,"column":4},"end":{"line":4,"column":54}},"3":{"start":{"line":5,"column":4},"end":{"line":5,"column":58}},"4":{"start":{"line":6,"column":4},"end":{"line":6,"column":58}},"5":{"start":{"line":7,"column":4},"end":{"line":7,"column":61}},"6":{"start":{"line":8,"column":4},"end":{"line":8,"column":64}}},"fnMap":{"0":{"name":"(anonymous_0)","decl":{"start":{"line":3,"column":17},"end":{"line":3,"column":18}},"loc":{"start":{"line":3,"column":29},"end":{"line":9,"column":1}},"line":3}},"branchMap":{},"s":{"0":0,"1":0,"2":0,"3":0,"4":0,"5":0,"6":0},"f":{"0":0},"b":{}}
,"/app/src/routes/main-route.js": {"path":"/app/src/routes/main-route.js","statementMap":{"0":{"start":{"line":1,"column":23},"end":{"line":1,"column":64}},"1":{"start":{"line":3,"column":0},"end":{"line":5,"column":2}},"2":{"start":{"line":4,"column":4},"end":{"line":4,"column":56}}},"fnMap":{"0":{"name":"(anonymous_0)","decl":{"start":{"line":3,"column":17},"end":{"line":3,"column":18}},"loc":{"start":{"line":3,"column":29},"end":{"line":5,"column":1}},"line":3}},"branchMap":{},"s":{"0":0,"1":0,"2":0},"f":{"0":0},"b":{}}
,"/app/src/services/contact-service.js": {"path":"/app/src/services/contact-service.js","statementMap":{"0":{"start":{"line":1,"column":0},"end":{"line":22,"column":2}},"1":{"start":{"line":4,"column":8},"end":{"line":4,"column":44}},"2":{"start":{"line":8,"column":8},"end":{"line":8,"column":20}},"3":{"start":{"line":12,"column":8},"end":{"line":12,"column":42}},"4":{"start":{"line":16,"column":8},"end":{"line":16,"column":20}},"5":{"start":{"line":20,"column":8},"end":{"line":20,"column":20}}},"fnMap":{"0":{"name":"(anonymous_0)","decl":{"start":{"line":2,"column":4},"end":{"line":2,"column":5}},"loc":{"start":{"line":2,"column":13},"end":{"line":5,"column":5}},"line":2},"1":{"name":"(anonymous_1)","decl":{"start":{"line":6,"column":4},"end":{"line":6,"column":5}},"loc":{"start":{"line":6,"column":20},"end":{"line":9,"column":5}},"line":6},"2":{"name":"(anonymous_2)","decl":{"start":{"line":10,"column":4},"end":{"line":10,"column":5}},"loc":{"start":{"line":10,"column":15},"end":{"line":13,"column":5}},"line":10},"3":{"name":"(anonymous_3)","decl":{"start":{"line":14,"column":4},"end":{"line":14,"column":5}},"loc":{"start":{"line":14,"column":24},"end":{"line":17,"column":5}},"line":14},"4":{"name":"(anonymous_4)","decl":{"start":{"line":18,"column":4},"end":{"line":18,"column":5}},"loc":{"start":{"line":18,"column":18},"end":{"line":21,"column":5}},"line":18}},"branchMap":{},"s":{"0":1,"1":0,"2":0,"3":0,"4":0,"5":0},"f":{"0":0,"1":0,"2":0,"3":0,"4":0},"b":{},"_coverageSchema":"1a1c01bbd47fc00a2c39e90264f33305004495a9","hash":"d702af92ebe55376ffb5eb699a9353d00478bd45"}
}
